helio_scan/build/app/intermediates/manifest_merge_blame_file/debug/manifest-merger-blame-debug-report.txt
1<?xml version="1.0" encoding="utf-8"?>
2<manifest xmlns:android="http://schemas.android.com/apk/res/android"
3    package="com.mycompany.helioscan"
4    android:versionCode="1"
5    android:versionName="1.0.0" >
6
7    <uses-sdk
8        android:minSdkVersion="21"
9        android:targetSdkVersion="34" />
10    <!--
11         Flutter needs it to communicate with the running application
12         to allow setting breakpoints, to provide hot reload, etc.
13    -->
14    <uses-permission android:name="android.permission.INTERNET" />
14-->src/main/AndroidManifest.xml:4:5-66
14-->src/main/AndroidManifest.xml:4:22-64
15    <uses-permission android:name="android.permission.CAMERA" />
15-->src/main/AndroidManifest.xml:5:5-64
15-->src/main/AndroidManifest.xml:5:22-62
16
17    <uses-feature android:name="android.hardware.camera" />
17-->[:flutter_barcode_scanner] AndroidManifest.xml:11:5-60
17-->[:flutter_barcode_scanner] AndroidManifest.xml:11:19-57
18
19    <uses-permission android:name="android.permission.FLASHLIGHT" /> <!-- Although the *SdkVersion is captured in gradle build files, this is required for non gradle builds -->
19-->[:flutter_barcode_scanner] AndroidManifest.xml:13:5-69
19-->[:flutter_barcode_scanner] AndroidManifest.xml:13:22-66
20    <!-- <uses-sdk android:minSdkVersion="14" /> -->
21    <uses-permission android:name="android.permission.ACCESS_NETWORK_STATE" />
21-->[com.google.firebase:firebase-firestore:24.10.1] AndroidManifest.xml:10:5-79
21-->[com.google.firebase:firebase-firestore:24.10.1] AndroidManifest.xml:10:22-76
22
23    <permission
23-->[androidx.core:core:1.10.1] AndroidManifest.xml:22:5-24:47
24        android:name="com.mycompany.helioscan.DYNAMIC_RECEIVER_NOT_EXPORTED_PERMISSION"
24-->[androidx.core:core:1.10.1] AndroidManifest.xml:23:9-81
25        android:protectionLevel="signature" />
25-->[androidx.core:core:1.10.1] AndroidManifest.xml:24:9-44
26
27    <uses-permission android:name="com.mycompany.helioscan.DYNAMIC_RECEIVER_NOT_EXPORTED_PERMISSION" />
27-->[androidx.core:core:1.10.1] AndroidManifest.xml:26:5-97
27-->[androidx.core:core:1.10.1] AndroidManifest.xml:26:22-94
28
29    <application
29-->src/main/AndroidManifest.xml:7:5-61:19
30        android:appComponentFactory="androidx.core.app.CoreComponentFactory"
30-->[androidx.core:core:1.10.1] AndroidManifest.xml:28:18-86
31        android:debuggable="true"
32        android:icon="@mipmap/ic_launcher"
32-->src/main/AndroidManifest.xml:10:9-43
33        android:label="HelioScan"
33-->src/main/AndroidManifest.xml:8:9-34
34        android:largeHeap="true"
34-->[:flutter_barcode_scanner] AndroidManifest.xml:16:9-33
35        android:requestLegacyExternalStorage="true"
35-->src/main/AndroidManifest.xml:11:9-52
36        android:theme="@style/Theme.AppCompat.NoActionBar" >
36-->[:flutter_barcode_scanner] AndroidManifest.xml:17:9-59
37        <activity
37-->src/main/AndroidManifest.xml:13:9-51:20
38            android:name="com.mycompany.helioscan.MainActivity"
38-->src/main/AndroidManifest.xml:14:13-41
39            android:configChanges="orientation|keyboardHidden|keyboard|screenSize|smallestScreenSize|locale|layoutDirection|fontScale|screenLayout|density|uiMode"
39-->src/main/AndroidManifest.xml:18:13-163
40            android:exported="true"
40-->src/main/AndroidManifest.xml:15:13-36
41            android:hardwareAccelerated="true"
41-->src/main/AndroidManifest.xml:19:13-47
42            android:launchMode="singleTop"
42-->src/main/AndroidManifest.xml:16:13-43
43            android:theme="@style/LaunchTheme"
43-->src/main/AndroidManifest.xml:17:13-47
44            android:windowSoftInputMode="adjustResize" >
44-->src/main/AndroidManifest.xml:20:13-55
45
46            <!--
47                 Specifies an Android theme to apply to this Activity as soon as
48                 the Android process has started. This theme is visible to the user
49                 while the Flutter UI initializes. After that, this theme continues
50                 to determine the Window background behind the Flutter UI.
51            -->
52            <meta-data
52-->src/main/AndroidManifest.xml:25:13-28:17
53                android:name="io.flutter.embedding.android.NormalTheme"
53-->src/main/AndroidManifest.xml:26:15-70
54                android:resource="@style/NormalTheme" />
54-->src/main/AndroidManifest.xml:27:15-52
55            <!--
56                 Displays an Android View that continues showing the launch screen
57                 Drawable until Flutter paints its first frame, then this splash
58                 screen fades out. A splash screen is useful to avoid any visual
59                 gap between the end of Android's launch screen and the painting of
60                 Flutter's first frame.
61            -->
62            <meta-data
62-->src/main/AndroidManifest.xml:34:13-37:17
63                android:name="io.flutter.embedding.android.SplashScreenDrawable"
63-->src/main/AndroidManifest.xml:35:15-79
64                android:resource="@drawable/launch_background" />
64-->src/main/AndroidManifest.xml:36:15-61
65
66            <intent-filter>
66-->src/main/AndroidManifest.xml:38:13-41:29
67                <action android:name="android.intent.action.MAIN" />
67-->src/main/AndroidManifest.xml:39:17-68
67-->src/main/AndroidManifest.xml:39:25-66
68
69                <category android:name="android.intent.category.LAUNCHER" />
69-->src/main/AndroidManifest.xml:40:17-76
69-->src/main/AndroidManifest.xml:40:27-74
70            </intent-filter>
71            <!-- Deep linking -->
72            <meta-data
72-->src/main/AndroidManifest.xml:43:13-90
73                android:name="flutter_deeplinking_enabled"
73-->src/main/AndroidManifest.xml:43:24-66
74                android:value="true" />
74-->src/main/AndroidManifest.xml:43:67-87
75
76            <intent-filter android:autoVerify="true" >
76-->src/main/AndroidManifest.xml:44:13-49:29
76-->src/main/AndroidManifest.xml:44:28-53
77                <action android:name="android.intent.action.VIEW" />
77-->src/main/AndroidManifest.xml:45:17-69
77-->src/main/AndroidManifest.xml:45:25-66
78
79                <category android:name="android.intent.category.DEFAULT" />
79-->src/main/AndroidManifest.xml:46:17-76
79-->src/main/AndroidManifest.xml:46:27-73
80                <category android:name="android.intent.category.BROWSABLE" />
80-->src/main/AndroidManifest.xml:47:17-78
80-->src/main/AndroidManifest.xml:47:27-75
81
82                <data
82-->src/main/AndroidManifest.xml:48:17-81
83                    android:host="helioscan.com"
83-->src/main/AndroidManifest.xml:48:50-78
84                    android:scheme="helioscan" />
84-->src/main/AndroidManifest.xml:48:23-49
85            </intent-filter>
86        </activity>
87
88        <!--
89             Don't delete the meta-data below.
90             This is used by the Flutter tool to generate GeneratedPluginRegistrant.java
91        -->
92        <meta-data
92-->src/main/AndroidManifest.xml:55:9-57:33
93            android:name="flutterEmbedding"
93-->src/main/AndroidManifest.xml:56:13-44
94            android:value="2" />
94-->src/main/AndroidManifest.xml:57:13-30
95
96        <service
96-->[:firebase_performance] AndroidManifest.xml:12:9-16:19
97            android:name="com.google.firebase.components.ComponentDiscoveryService"
97-->[:firebase_performance] AndroidManifest.xml:12:18-89
98            android:directBootAware="true"
98-->[com.google.firebase:firebase-common:20.4.2] AndroidManifest.xml:32:13-43
99            android:exported="false" >
99-->[com.google.firebase:firebase-perf:20.5.1] AndroidManifest.xml:13:13-37
100            <meta-data
100-->[:firebase_performance] AndroidManifest.xml:13:13-15:85
101                android:name="com.google.firebase.components:io.flutter.plugins.firebase.performance.FlutterFirebaseAppRegistrar"
101-->[:firebase_performance] AndroidManifest.xml:14:17-130
102                android:value="com.google.firebase.components.ComponentRegistrar" />
102-->[:firebase_performance] AndroidManifest.xml:15:17-82
103            <meta-data
103-->[:cloud_firestore] AndroidManifest.xml:11:13-13:85
104                android:name="com.google.firebase.components:io.flutter.plugins.firebase.firestore.FlutterFirebaseFirestoreRegistrar"
104-->[:cloud_firestore] AndroidManifest.xml:12:17-134
105                android:value="com.google.firebase.components.ComponentRegistrar" />
105-->[:cloud_firestore] AndroidManifest.xml:13:17-82
106            <meta-data
106-->[:firebase_core] AndroidManifest.xml:11:13-13:85
107                android:name="com.google.firebase.components:io.flutter.plugins.firebase.core.FlutterFirebaseCoreRegistrar"
107-->[:firebase_core] AndroidManifest.xml:12:17-124
108                android:value="com.google.firebase.components.ComponentRegistrar" />
108-->[:firebase_core] AndroidManifest.xml:13:17-82
109            <meta-data
109-->[com.google.firebase:firebase-perf:20.5.1] AndroidManifest.xml:14:13-16:85
110                android:name="com.google.firebase.components:com.google.firebase.perf.FirebasePerfKtxRegistrar"
110-->[com.google.firebase:firebase-perf:20.5.1] AndroidManifest.xml:15:17-112
111                android:value="com.google.firebase.components.ComponentRegistrar" />
111-->[com.google.firebase:firebase-perf:20.5.1] AndroidManifest.xml:16:17-82
112            <meta-data
112-->[com.google.firebase:firebase-perf:20.5.1] AndroidManifest.xml:17:13-19:85
113                android:name="com.google.firebase.components:com.google.firebase.perf.FirebasePerfRegistrar"
113-->[com.google.firebase:firebase-perf:20.5.1] AndroidManifest.xml:18:17-109
114                android:value="com.google.firebase.components.ComponentRegistrar" />
114-->[com.google.firebase:firebase-perf:20.5.1] AndroidManifest.xml:19:17-82
115            <meta-data
115-->[com.google.firebase:firebase-sessions:1.2.0] AndroidManifest.xml:29:13-31:85
116                android:name="com.google.firebase.components:com.google.firebase.sessions.FirebaseSessionsRegistrar"
116-->[com.google.firebase:firebase-sessions:1.2.0] AndroidManifest.xml:30:17-117
117                android:value="com.google.firebase.components.ComponentRegistrar" />
117-->[com.google.firebase:firebase-sessions:1.2.0] AndroidManifest.xml:31:17-82
118            <meta-data
118-->[com.google.firebase:firebase-firestore:24.10.1] AndroidManifest.xml:17:13-19:85
119                android:name="com.google.firebase.components:com.google.firebase.firestore.FirebaseFirestoreKtxRegistrar"
119-->[com.google.firebase:firebase-firestore:24.10.1] AndroidManifest.xml:18:17-122
120                android:value="com.google.firebase.components.ComponentRegistrar" />
120-->[com.google.firebase:firebase-firestore:24.10.1] AndroidManifest.xml:19:17-82
121            <meta-data
121-->[com.google.firebase:firebase-firestore:24.10.1] AndroidManifest.xml:20:13-22:85
122                android:name="com.google.firebase.components:com.google.firebase.firestore.FirestoreRegistrar"
122-->[com.google.firebase:firebase-firestore:24.10.1] AndroidManifest.xml:21:17-111
123                android:value="com.google.firebase.components.ComponentRegistrar" />
123-->[com.google.firebase:firebase-firestore:24.10.1] AndroidManifest.xml:22:17-82
124            <meta-data
124-->[com.google.firebase:firebase-config:21.6.0] AndroidManifest.xml:29:13-31:85
125                android:name="com.google.firebase.components:com.google.firebase.remoteconfig.FirebaseRemoteConfigKtxRegistrar"
125-->[com.google.firebase:firebase-config:21.6.0] AndroidManifest.xml:30:17-128
126                android:value="com.google.firebase.components.ComponentRegistrar" />
126-->[com.google.firebase:firebase-config:21.6.0] AndroidManifest.xml:31:17-82
127            <meta-data
127-->[com.google.firebase:firebase-config:21.6.0] AndroidManifest.xml:32:13-34:85
128                android:name="com.google.firebase.components:com.google.firebase.remoteconfig.RemoteConfigRegistrar"
128-->[com.google.firebase:firebase-config:21.6.0] AndroidManifest.xml:33:17-117
129                android:value="com.google.firebase.components.ComponentRegistrar" />
129-->[com.google.firebase:firebase-config:21.6.0] AndroidManifest.xml:34:17-82
130            <meta-data
130-->[com.google.firebase:firebase-installations:17.2.0] AndroidManifest.xml:15:13-17:85
131                android:name="com.google.firebase.components:com.google.firebase.installations.FirebaseInstallationsKtxRegistrar"
131-->[com.google.firebase:firebase-installations:17.2.0] AndroidManifest.xml:16:17-130
132                android:value="com.google.firebase.components.ComponentRegistrar" />
132-->[com.google.firebase:firebase-installations:17.2.0] AndroidManifest.xml:17:17-82
133            <meta-data
133-->[com.google.firebase:firebase-installations:17.2.0] AndroidManifest.xml:18:13-20:85
134                android:name="com.google.firebase.components:com.google.firebase.installations.FirebaseInstallationsRegistrar"
134-->[com.google.firebase:firebase-installations:17.2.0] AndroidManifest.xml:19:17-127
135                android:value="com.google.firebase.components.ComponentRegistrar" />
135-->[com.google.firebase:firebase-installations:17.2.0] AndroidManifest.xml:20:17-82
136            <meta-data
136-->[com.google.firebase:firebase-common-ktx:20.4.2] AndroidManifest.xml:12:13-14:85
137                android:name="com.google.firebase.components:com.google.firebase.ktx.FirebaseCommonLegacyRegistrar"
137-->[com.google.firebase:firebase-common-ktx:20.4.2] AndroidManifest.xml:13:17-116
138                android:value="com.google.firebase.components.ComponentRegistrar" />
138-->[com.google.firebase:firebase-common-ktx:20.4.2] AndroidManifest.xml:14:17-82
139            <meta-data
139-->[com.google.firebase:firebase-common:20.4.2] AndroidManifest.xml:35:13-37:85
140                android:name="com.google.firebase.components:com.google.firebase.FirebaseCommonKtxRegistrar"
140-->[com.google.firebase:firebase-common:20.4.2] AndroidManifest.xml:36:17-109
141                android:value="com.google.firebase.components.ComponentRegistrar" />
141-->[com.google.firebase:firebase-common:20.4.2] AndroidManifest.xml:37:17-82
142            <meta-data
142-->[com.google.firebase:firebase-abt:21.1.1] AndroidManifest.xml:12:13-14:85
143                android:name="com.google.firebase.components:com.google.firebase.abt.component.AbtRegistrar"
143-->[com.google.firebase:firebase-abt:21.1.1] AndroidManifest.xml:13:17-109
144                android:value="com.google.firebase.components.ComponentRegistrar" />
144-->[com.google.firebase:firebase-abt:21.1.1] AndroidManifest.xml:14:17-82
145            <meta-data
145-->[com.google.firebase:firebase-datatransport:18.1.8] AndroidManifest.xml:27:13-29:85
146                android:name="com.google.firebase.components:com.google.firebase.datatransport.TransportRegistrar"
146-->[com.google.firebase:firebase-datatransport:18.1.8] AndroidManifest.xml:28:17-115
147                android:value="com.google.firebase.components.ComponentRegistrar" />
147-->[com.google.firebase:firebase-datatransport:18.1.8] AndroidManifest.xml:29:17-82
148        </service>
149
150        <activity android:name="com.amolg.flutterbarcodescanner.BarcodeCaptureActivity" />
150-->[:flutter_barcode_scanner] AndroidManifest.xml:18:9-91
150-->[:flutter_barcode_scanner] AndroidManifest.xml:18:19-88
151
152        <provider
152-->[:image_picker_android] AndroidManifest.xml:10:9-18:20
153            android:name="io.flutter.plugins.imagepicker.ImagePickerFileProvider"
153-->[:image_picker_android] AndroidManifest.xml:11:13-82
154            android:authorities="com.mycompany.helioscan.flutter.image_provider"
154-->[:image_picker_android] AndroidManifest.xml:12:13-74
155            android:exported="false"
155-->[:image_picker_android] AndroidManifest.xml:13:13-37
156            android:grantUriPermissions="true" >
156-->[:image_picker_android] AndroidManifest.xml:14:13-47
157            <meta-data
157-->[:image_picker_android] AndroidManifest.xml:15:13-17:75
158                android:name="android.support.FILE_PROVIDER_PATHS"
158-->[:image_picker_android] AndroidManifest.xml:16:17-67
159                android:resource="@xml/flutter_image_picker_file_paths" />
159-->[:image_picker_android] AndroidManifest.xml:17:17-72
160        </provider>
161
162        <activity
162-->[:url_launcher_android] AndroidManifest.xml:10:9-13:74
163            android:name="io.flutter.plugins.urllauncher.WebViewActivity"
163-->[:url_launcher_android] AndroidManifest.xml:11:13-74
164            android:exported="false"
164-->[:url_launcher_android] AndroidManifest.xml:12:13-37
165            android:theme="@android:style/Theme.NoTitleBar.Fullscreen" />
165-->[:url_launcher_android] AndroidManifest.xml:13:13-71
166
167        <service
167-->[com.google.firebase:firebase-sessions:1.2.0] AndroidManifest.xml:22:9-25:40
168            android:name="com.google.firebase.sessions.SessionLifecycleService"
168-->[com.google.firebase:firebase-sessions:1.2.0] AndroidManifest.xml:23:13-80
169            android:enabled="true"
169-->[com.google.firebase:firebase-sessions:1.2.0] AndroidManifest.xml:24:13-35
170            android:exported="false" />
170-->[com.google.firebase:firebase-sessions:1.2.0] AndroidManifest.xml:25:13-37
171
172        <provider
172-->[com.google.firebase:firebase-common:20.4.2] AndroidManifest.xml:23:9-28:39
173            android:name="com.google.firebase.provider.FirebaseInitProvider"
173-->[com.google.firebase:firebase-common:20.4.2] AndroidManifest.xml:24:13-77
174            android:authorities="com.mycompany.helioscan.firebaseinitprovider"
174-->[com.google.firebase:firebase-common:20.4.2] AndroidManifest.xml:25:13-72
175            android:directBootAware="true"
175-->[com.google.firebase:firebase-common:20.4.2] AndroidManifest.xml:26:13-43
176            android:exported="false"
176-->[com.google.firebase:firebase-common:20.4.2] AndroidManifest.xml:27:13-37
177            android:initOrder="100" />
177-->[com.google.firebase:firebase-common:20.4.2] AndroidManifest.xml:28:13-36
178
179        <activity
179-->[com.google.android.gms:play-services-base:18.0.1] AndroidManifest.xml:20:9-22:45
180            android:name="com.google.android.gms.common.api.GoogleApiActivity"
180-->[com.google.android.gms:play-services-base:18.0.1] AndroidManifest.xml:20:19-85
181            android:exported="false"
181-->[com.google.android.gms:play-services-base:18.0.1] AndroidManifest.xml:22:19-43
182            android:theme="@android:style/Theme.Translucent.NoTitleBar" />
182-->[com.google.android.gms:play-services-base:18.0.1] AndroidManifest.xml:21:19-78
183
184        <meta-data
184-->[com.google.android.gms:play-services-basement:18.1.0] AndroidManifest.xml:21:9-23:69
185            android:name="com.google.android.gms.version"
185-->[com.google.android.gms:play-services-basement:18.1.0] AndroidManifest.xml:22:13-58
186            android:value="@integer/google_play_services_version" />
186-->[com.google.android.gms:play-services-basement:18.1.0] AndroidManifest.xml:23:13-66
187
188        <uses-library
188-->[androidx.window:window:1.0.0-beta04] AndroidManifest.xml:25:9-27:40
189            android:name="androidx.window.extensions"
189-->[androidx.window:window:1.0.0-beta04] AndroidManifest.xml:26:13-54
190            android:required="false" />
190-->[androidx.window:window:1.0.0-beta04] AndroidManifest.xml:27:13-37
191        <uses-library
191-->[androidx.window:window:1.0.0-beta04] AndroidManifest.xml:28:9-30:40
192            android:name="androidx.window.sidecar"
192-->[androidx.window:window:1.0.0-beta04] AndroidManifest.xml:29:13-51
193            android:required="false" />
193-->[androidx.window:window:1.0.0-beta04] AndroidManifest.xml:30:13-37
194
195        <provider
195-->[androidx.lifecycle:lifecycle-process:2.6.1] AndroidManifest.xml:24:9-32:20
196            android:name="androidx.startup.InitializationProvider"
196-->[androidx.lifecycle:lifecycle-process:2.6.1] AndroidManifest.xml:25:13-67
197            android:authorities="com.mycompany.helioscan.androidx-startup"
197-->[androidx.lifecycle:lifecycle-process:2.6.1] AndroidManifest.xml:26:13-68
198            android:exported="false" >
198-->[androidx.lifecycle:lifecycle-process:2.6.1] AndroidManifest.xml:27:13-37
199            <meta-data
199-->[androidx.lifecycle:lifecycle-process:2.6.1] AndroidManifest.xml:29:13-31:52
200                android:name="androidx.lifecycle.ProcessLifecycleInitializer"
200-->[androidx.lifecycle:lifecycle-process:2.6.1] AndroidManifest.xml:30:17-78
201                android:value="androidx.startup" />
201-->[androidx.lifecycle:lifecycle-process:2.6.1] AndroidManifest.xml:31:17-49
202            <meta-data
202-->[androidx.profileinstaller:profileinstaller:1.3.0] AndroidManifest.xml:29:13-31:52
203                android:name="androidx.profileinstaller.ProfileInstallerInitializer"
203-->[androidx.profileinstaller:profileinstaller:1.3.0] AndroidManifest.xml:30:17-85
204                android:value="androidx.startup" />
204-->[androidx.profileinstaller:profileinstaller:1.3.0] AndroidManifest.xml:31:17-49
205        </provider>
206
207        <service
207-->[com.google.android.datatransport:transport-backend-cct:3.1.9] AndroidManifest.xml:28:9-34:19
208            android:name="com.google.android.datatransport.runtime.backends.TransportBackendDiscovery"
208-->[com.google.android.datatransport:transport-backend-cct:3.1.9] AndroidManifest.xml:29:13-103
209            android:exported="false" >
209-->[com.google.android.datatransport:transport-backend-cct:3.1.9] AndroidManifest.xml:30:13-37
210            <meta-data
210-->[com.google.android.datatransport:transport-backend-cct:3.1.9] AndroidManifest.xml:31:13-33:39
211                android:name="backend:com.google.android.datatransport.cct.CctBackendFactory"
211-->[com.google.android.datatransport:transport-backend-cct:3.1.9] AndroidManifest.xml:32:17-94
212                android:value="cct" />
212-->[com.google.android.datatransport:transport-backend-cct:3.1.9] AndroidManifest.xml:33:17-36
213        </service>
214
215        <receiver
215-->[androidx.profileinstaller:profileinstaller:1.3.0] AndroidManifest.xml:34:9-52:20
216            android:name="androidx.profileinstaller.ProfileInstallReceiver"
216-->[androidx.profileinstaller:profileinstaller:1.3.0] AndroidManifest.xml:35:13-76
217            android:directBootAware="false"
217-->[androidx.profileinstaller:profileinstaller:1.3.0] AndroidManifest.xml:36:13-44
218            android:enabled="true"
218-->[androidx.profileinstaller:profileinstaller:1.3.0] AndroidManifest.xml:37:13-35
219            android:exported="true"
219-->[androidx.profileinstaller:profileinstaller:1.3.0] AndroidManifest.xml:38:13-36
220            android:permission="android.permission.DUMP" >
220-->[androidx.profileinstaller:profileinstaller:1.3.0] AndroidManifest.xml:39:13-57
221            <intent-filter>
221-->[androidx.profileinstaller:profileinstaller:1.3.0] AndroidManifest.xml:40:13-42:29
222                <action android:name="androidx.profileinstaller.action.INSTALL_PROFILE" />
222-->[androidx.profileinstaller:profileinstaller:1.3.0] AndroidManifest.xml:41:17-91
222-->[androidx.profileinstaller:profileinstaller:1.3.0] AndroidManifest.xml:41:25-88
223            </intent-filter>
224            <intent-filter>
224-->[androidx.profileinstaller:profileinstaller:1.3.0] AndroidManifest.xml:43:13-45:29
225                <action android:name="androidx.profileinstaller.action.SKIP_FILE" />
225-->[androidx.profileinstaller:profileinstaller:1.3.0] AndroidManifest.xml:44:17-85
225-->[androidx.profileinstaller:profileinstaller:1.3.0] AndroidManifest.xml:44:25-82
226            </intent-filter>
227            <intent-filter>
227-->[androidx.profileinstaller:profileinstaller:1.3.0] AndroidManifest.xml:46:13-48:29
228                <action android:name="androidx.profileinstaller.action.SAVE_PROFILE" />
228-->[androidx.profileinstaller:profileinstaller:1.3.0] AndroidManifest.xml:47:17-88
228-->[androidx.profileinstaller:profileinstaller:1.3.0] AndroidManifest.xml:47:25-85
229            </intent-filter>
230            <intent-filter>
230-->[androidx.profileinstaller:profileinstaller:1.3.0] AndroidManifest.xml:49:13-51:29
231                <action android:name="androidx.profileinstaller.action.BENCHMARK_OPERATION" />
231-->[androidx.profileinstaller:profileinstaller:1.3.0] AndroidManifest.xml:50:17-95
231-->[androidx.profileinstaller:profileinstaller:1.3.0] AndroidManifest.xml:50:25-92
232            </intent-filter>
233        </receiver>
234
235        <service
235-->[com.google.android.datatransport:transport-runtime:3.1.9] AndroidManifest.xml:26:9-30:19
236            android:name="com.google.android.datatransport.runtime.scheduling.jobscheduling.JobInfoSchedulerService"
236-->[com.google.android.datatransport:transport-runtime:3.1.9] AndroidManifest.xml:27:13-117
237            android:exported="false"
237-->[com.google.android.datatransport:transport-runtime:3.1.9] AndroidManifest.xml:28:13-37
238            android:permission="android.permission.BIND_JOB_SERVICE" >
238-->[com.google.android.datatransport:transport-runtime:3.1.9] AndroidManifest.xml:29:13-69
239        </service>
240
241        <receiver
241-->[com.google.android.datatransport:transport-runtime:3.1.9] AndroidManifest.xml:32:9-34:40
242            android:name="com.google.android.datatransport.runtime.scheduling.jobscheduling.AlarmManagerSchedulerBroadcastReceiver"
242-->[com.google.android.datatransport:transport-runtime:3.1.9] AndroidManifest.xml:33:13-132
243            android:exported="false" />
243-->[com.google.android.datatransport:transport-runtime:3.1.9] AndroidManifest.xml:34:13-37
244    </application>
245
246</manifest>